[0m15:34:40.571164 [debug] [MainThread]: Sending event: {'category': 'dbt', 'action': 'invocation', 'label': 'start', 'context': [<snowplow_tracker.self_describing_json.SelfDescribingJson object at 0x0000021EC786C990>, <snowplow_tracker.self_describing_json.SelfDescribingJson object at 0x0000021EC7579AD0>, <snowplow_tracker.self_describing_json.SelfDescribingJson object at 0x0000021EC786F8D0>]}


============================== 15:34:40.575164 | d8c6737a-637b-41e9-960d-09e49cb7c4c2 ==============================
[0m15:34:40.575164 [info ] [MainThread]: Running with dbt=1.9.6
[0m15:34:40.575668 [debug] [MainThread]: running dbt with arguments {'printer_width': '80', 'indirect_selection': 'eager', 'log_cache_events': 'False', 'write_json': 'True', 'partial_parse': 'True', 'cache_selected_only': 'False', 'warn_error': 'None', 'debug': 'False', 'profiles_dir': 'C:\\Users\\doanb\\.dbt', 'log_path': 'logs', 'fail_fast': 'False', 'version_check': 'True', 'use_colors': 'True', 'use_experimental_parser': 'False', 'empty': 'None', 'quiet': 'False', 'no_print': 'None', 'log_format': 'default', 'introspect': 'True', 'invocation_command': 'dbt init mghi-dbt-postgres', 'warn_error_options': 'WarnErrorOptions(include=[], exclude=[])', 'target_path': 'None', 'static_parser': 'True', 'send_anonymous_usage_stats': 'True'}
[0m15:35:06.193082 [debug] [MainThread]: Starter project path: C:\Users\doanb\AppData\Local\Programs\Python\Python311\Lib\site-packages\dbt\include\starter_project
[0m15:35:06.208656 [info ] [MainThread]: 
Your new dbt project "mghi_live_demo" was created!

For more information on how to configure the profiles.yml file,
please consult the dbt documentation here:

  https://docs.getdbt.com/docs/configure-your-profile

One more thing:

Need help? Don't hesitate to reach out to us via GitHub issues or on Slack:

  https://community.getdbt.com/

Happy modeling!

[0m15:35:06.209654 [info ] [MainThread]: Setting up your profile.
[0m15:39:25.634680 [info ] [MainThread]: Profile mghi_live_demo written to C:\Users\doanb\.dbt\profiles.yml using target's profile_template.yml and your supplied values. Run 'dbt debug' to validate the connection.
[0m15:39:25.635680 [debug] [MainThread]: Command `dbt init` succeeded at 15:39:25.635680 after 285.12 seconds
[0m15:39:25.636680 [debug] [MainThread]: Sending event: {'category': 'dbt', 'action': 'invocation', 'label': 'end', 'context': [<snowplow_tracker.self_describing_json.SelfDescribingJson object at 0x0000021EC7511490>, <snowplow_tracker.self_describing_json.SelfDescribingJson object at 0x0000021EC781C710>, <snowplow_tracker.self_describing_json.SelfDescribingJson object at 0x0000021EC7812850>]}
[0m15:39:25.636680 [debug] [MainThread]: Flushing usage events
[0m15:39:26.799103 [debug] [MainThread]: An error was encountered while trying to flush usage events
